[00:42:38] [Render thread/INFO]: Environment: authHost='https://authserver.mojang.com', accountsHost='https://api.mojang.com', sessionHost='https://sessionserver.mojang.com', name='PROD'
[00:42:38] [Render thread/INFO]: Setting user: conanHYPS
[00:42:39] [Render thread/INFO]: Backend library: LWJGL version 3.2.1 build 12
[00:42:44] [Render thread/INFO]: Reloading ResourceManager: Default
[00:42:56] [Render thread/INFO]: OpenAL initialized.
[00:42:56] [Render thread/INFO]: Sound engine started
[00:42:58] [Render thread/INFO]: Created: 1024x1024x4 minecraft:textures/atlas/blocks.png-atlas
[00:42:58] [Render thread/INFO]: Created: 256x128x4 minecraft:textures/atlas/signs.png-atlas
[00:42:58] [Render thread/INFO]: Created: 1024x512x4 minecraft:textures/atlas/banner_patterns.png-atlas
[00:42:58] [Render thread/INFO]: Created: 1024x512x4 minecraft:textures/atlas/shield_patterns.png-atlas
[00:42:58] [Render thread/INFO]: Created: 256x256x4 minecraft:textures/atlas/chest.png-atlas
[00:42:58] [Render thread/INFO]: Created: 512x256x4 minecraft:textures/atlas/beds.png-atlas
[00:42:58] [Render thread/INFO]: Created: 512x256x4 minecraft:textures/atlas/shulker_boxes.png-atlas
[00:43:01] [Render thread/INFO]: Created: 256x256x0 minecraft:textures/atlas/particles.png-atlas
[00:43:01] [Render thread/INFO]: Created: 256x256x0 minecraft:textures/atlas/paintings.png-atlas
[00:43:01] [Render thread/INFO]: Created: 256x128x0 minecraft:textures/atlas/mob_effects.png-atlas
[00:43:19] [Render thread/WARN]: Unable to start LAN server detection: Can't assign requested address
[00:43:27] [Render thread/INFO]: Connecting to 127.0.0.1, 25565
[00:43:32] [Render thread/INFO]: Environment: authHost='https://authserver.mojang.com', accountsHost='https://api.mojang.com', sessionHost='https://sessionserver.mojang.com', name='PROD'
[00:43:36] [Render thread/INFO]: [CHAT] conanHYPS joined the game
[00:43:36] [Render thread/INFO]: Loaded 0 advancements
[00:43:46] [Render thread/INFO]: [CHAT] Incorrect argument for command
[00:43:46] [Render thread/INFO]: [CHAT] gamemode 1<--[HERE]
[00:43:52] [Render thread/INFO]: [CHAT] Set own game mode to Creative Mode
[00:44:19] [Render thread/WARN]: Unable to start LAN server detection: Can't assign requested address
[00:54:54] [Render thread/INFO]: Connecting to 127.0.0.1, 25565
[00:54:57] [Render thread/INFO]: Environment: authHost='https://authserver.mojang.com', accountsHost='https://api.mojang.com', sessionHost='https://sessionserver.mojang.com', name='PROD'
[00:54:59] [Render thread/INFO]: [CHAT] conanHYPS joined the game
[00:54:59] [Render thread/INFO]: Loaded 0 advancements
[00:55:18] [Render thread/INFO]: [CHAT] Gamerule keepInventory is now set to: true
[00:55:22] [Render thread/INFO]: [CHAT] conanHYPS has made the advancement [Stone Age]
[00:55:22] [Render thread/INFO]: Loaded 19 advancements
[00:55:29] [Render thread/INFO]: [CHAT] Set own game mode to Survival Mode
[00:55:37] [Render thread/INFO]: [CHAT] Set own game mode to Creative Mode
[00:55:48] [Render thread/INFO]: [CHAT] Set own game mode to Survival Mode
[00:55:51] [Render thread/INFO]: [CHAT] conanHYPS fell from a high place
[00:56:04] [Render thread/INFO]: [CHAT] Set own game mode to Creative Mode
[00:56:09] [Render thread/INFO]: [CHAT] Set the time to 6000
[00:57:21] [Render thread/INFO]: [CHAT] conanHYPS has reached the goal [Sky's the Limit]
[00:57:22] [Render thread/INFO]: Loaded 24 advancements
[00:58:15] [Render thread/INFO]: [CHAT] conanHYPS has made the advancement [Ice Bucket Challenge]
[00:58:15] [Render thread/INFO]: Loaded 31 advancements
[00:59:44] [Render thread/INFO]: Environment: authHost='https://authserver.mojang.com', accountsHost='https://api.mojang.com', sessionHost='https://sessionserver.mojang.com', name='PROD'
[00:59:47] [Render thread/INFO]: [CHAT] conanHYPS has made the advancement [We Need to Go Deeper]
[00:59:47] [Render thread/INFO]: Loaded 49 advancements
[00:59:47] [Render thread/WARN]: Received passengers for unknown entity
[00:59:47] [Render thread/WARN]: Received passengers for unknown entity
[00:59:47] [Render thread/INFO]: Loaded 49 advancements
[00:59:59] [Render thread/INFO]: [CHAT] Gamerule keepInventory is now set to: true
[01:00:07] [Render thread/INFO]: [CHAT] Set own game mode to Survival Mode
[01:00:12] [Render thread/INFO]: [CHAT] conanHYPS fell from a high place
[01:00:14] [Render thread/INFO]: Environment: authHost='https://authserver.mojang.com', accountsHost='https://api.mojang.com', sessionHost='https://sessionserver.mojang.com', name='PROD'
[01:01:35] [Render thread/INFO]: Loaded 55 advancements
[01:02:07] [Render thread/INFO]: [CHAT] Set the time to 6000
[01:02:18] [Render thread/WARN]: Unable to play empty soundEvent: minecraft:entity.cod.ambient
[01:03:48] [Render thread/INFO]: [CHAT] [CONSOLE: Are you sure you wish to reload your server? Doing so may cause bugs and memory leaks. It is recommended to restart instead of using /reload. To confirm, please type /reload confirm]
[01:03:52] [Render thread/INFO]: [CHAT] [CONSOLE: Please note that this command is not supported and may cause issues when using some plugins.]
[01:03:52] [Render thread/INFO]: [CHAT] [CONSOLE: If you encounter any issues please use the /stop command to restart your server.]
[01:03:57] [Render thread/INFO]: Loaded 49 advancements
[01:03:59] [Render thread/INFO]: Loaded 49 advancements
[01:04:00] [Render thread/INFO]: [CHAT] [CONSOLE: Reload complete.]
[01:04:09] [Render thread/WARN]: Unable to start LAN server detection: Can't assign requested address
[01:05:21] [Render thread/INFO]: Connecting to 127.0.0.1, 25565
[01:05:25] [Render thread/INFO]: Environment: authHost='https://authserver.mojang.com', accountsHost='https://api.mojang.com', sessionHost='https://sessionserver.mojang.com', name='PROD'
[01:05:27] [Render thread/INFO]: [CHAT] conanHYPS joined the game
[01:05:27] [Render thread/INFO]: Loaded 49 advancements
[01:05:30] [Render thread/WARN]: Unable to start LAN server detection: Can't assign requested address
[01:07:01] [Render thread/INFO]: Connecting to 127.0.0.1, 25565
[01:07:02] [Render thread/INFO]: Environment: authHost='https://authserver.mojang.com', accountsHost='https://api.mojang.com', sessionHost='https://sessionserver.mojang.com', name='PROD'
[01:07:03] [Render thread/INFO]: [CHAT] conanHYPS joined the game
[01:07:03] [Render thread/INFO]: Loaded 49 advancements
[01:07:30] [Render thread/INFO]: [CHAT] [Vault] Vault v1.7.3-b131 Information
[01:07:30] [Render thread/INFO]: [CHAT] [Vault] Economy: None [null]
[01:07:30] [Render thread/INFO]: [CHAT] [Vault] Permission: SuperPerms [SuperPerms]
[01:07:30] [Render thread/INFO]: [CHAT] [Vault] Chat: None [null]
[01:07:41] [Render thread/WARN]: Unable to start LAN server detection: Can't assign requested address
[01:07:43] [Render thread/INFO]: Connecting to 127.0.0.1, 25565
[01:07:44] [Render thread/INFO]: Environment: authHost='https://authserver.mojang.com', accountsHost='https://api.mojang.com', sessionHost='https://sessionserver.mojang.com', name='PROD'
[01:07:45] [Render thread/INFO]: [CHAT] conanHYPS joined the game
[01:07:45] [Render thread/INFO]: Loaded 49 advancements
[01:07:50] [Render thread/WARN]: Unable to start LAN server detection: Can't assign requested address
[01:07:51] [Render thread/INFO]: Stopping!
